<?xml version="1.0" encoding="UTF-8"?>
<!-- Generated by org.testng.reporters.JUnitReportReporter -->
<testsuite skipped="0" hostname="CBT-MH-000" name="API.Searchtweet" tests="1" failures="0" timestamp="31 Oct 2019 05:41:08 GMT" time="10.200" errors="0">
  <testcase name="searchtweet" time="10.200" classname="API.Searchtweet"/>
</testsuite> <!-- API.Searchtweet -->
