<?xml version="1.0" encoding="UTF-8"?>
<!-- Generated by org.testng.reporters.JUnitReportReporter -->
<testsuite skipped="0" hostname="CBT-MH-000" name="API.blockuSER" tests="1" failures="0" timestamp="31 Oct 2019 08:58:47 GMT" time="7.372" errors="0">
  <testcase name="Blockuser" time="7.372" classname="API.blockuSER"/>
</testsuite> <!-- API.blockuSER -->
