<?xml version="1.0" encoding="UTF-8"?>
<!-- Generated by org.testng.reporters.JUnitReportReporter -->
<testsuite skipped="0" hostname="CBT-MH-000" name="API.listofusers" tests="1" failures="0" timestamp="31 Oct 2019 05:36:19 GMT" time="12.580" errors="0">
  <testcase name="listusers" time="12.580" classname="API.listofusers"/>
</testsuite> <!-- API.listofusers -->
