<?xml version="1.0" encoding="UTF-8"?>
<!-- Generated by org.testng.reporters.JUnitReportReporter -->
<testsuite skipped="0" hostname="CBT-MH-000" name="API.weather" tests="1" failures="0" timestamp="31 Oct 2019 05:45:53 GMT" time="7.081" errors="0">
  <testcase name="WeatherRequest" time="7.081" classname="API.weather"/>
</testsuite> <!-- API.weather -->
