<?xml version="1.0" encoding="UTF-8"?>
<!-- Generated by org.testng.reporters.JUnitReportReporter -->
<testsuite skipped="0" hostname="CBT-MH-000" name="API.Trends" tests="1" failures="0" timestamp="31 Oct 2019 05:43:11 GMT" time="12.070" errors="0">
  <testcase name="tweetupdate" time="12.070" classname="API.Trends"/>
</testsuite> <!-- API.Trends -->
