<?xml version="1.0" encoding="UTF-8"?>
<!-- Generated by org.testng.reporters.JUnitReportReporter -->
<testsuite skipped="0" hostname="CBT-MH-000" name="API.TWeet" tests="1" failures="0" timestamp="31 Oct 2019 05:44:40 GMT" time="10.044" errors="0">
  <testcase name="creatapis" time="10.044" classname="API.TWeet"/>
</testsuite> <!-- API.TWeet -->
