<?xml version="1.0" encoding="UTF-8"?>
<!-- Generated by org.testng.reporters.JUnitReportReporter -->
<testsuite skipped="0" hostname="CBT-MH-000" name="API.postapis" tests="1" failures="0" timestamp="31 Oct 2019 05:38:43 GMT" time="15.499" errors="0">
  <testcase name="postTweet" time="15.499" classname="API.postapis"/>
</testsuite> <!-- API.postapis -->
